2025-08-25T02:24:40.233Z  INFO 5444 --- [jangnamcirizen] [restartedMain] c.d.j.JangnamcirizenApplication          : Starting JangnamcirizenApplication using Java 17.0.16 with PID 5444 (/workspace/jangnamcirizen/build/classes/java/main started by gitpod in /workspace/jangnamcirizen)
2025-08-25T02:24:40.236Z  INFO 5444 --- [jangnamcirizen] [restartedMain] c.d.j.JangnamcirizenApplication          : The following 1 profile is active: "prod"
2025-08-25T02:24:40.272Z  INFO 5444 --- [jangnamcirizen] [restartedMain] .e.DevToolsPropertyDefaultsPostProcessor : Devtools property defaults active! Set 'spring.devtools.add-properties' to 'false' to disable
2025-08-25T02:24:40.273Z  INFO 5444 --- [jangnamcirizen] [restartedMain] .e.DevToolsPropertyDefaultsPostProcessor : For additional web related logging consider setting the 'logging.level.web' property to 'DEBUG'
2025-08-25T02:24:41.051Z  INFO 5444 --- [jangnamcirizen] [restartedMain] .s.d.r.c.RepositoryConfigurationDelegate : Bootstrapping Spring Data JPA repositories in DEFAULT mode.
2025-08-25T02:24:41.067Z  INFO 5444 --- [jangnamcirizen] [restartedMain] .s.d.r.c.RepositoryConfigurationDelegate : Finished Spring Data repository scanning in 9 ms. Found 0 JPA repository interfaces.
2025-08-25T02:24:41.641Z  INFO 5444 --- [jangnamcirizen] [restartedMain] o.s.b.w.embedded.tomcat.TomcatWebServer  : Tomcat initialized with port 8080 (http)
2025-08-25T02:24:41.651Z  INFO 5444 --- [jangnamcirizen] [restartedMain] o.apache.catalina.core.StandardService   : Starting service [Tomcat]
2025-08-25T02:24:41.652Z  INFO 5444 --- [jangnamcirizen] [restartedMain] o.apache.catalina.core.StandardEngine    : Starting Servlet engine: [Apache Tomcat/10.1.43]
2025-08-25T02:24:41.692Z  INFO 5444 --- [jangnamcirizen] [restartedMain] o.a.c.c.C.[Tomcat].[localhost].[/]       : Initializing Spring embedded WebApplicationContext
2025-08-25T02:24:41.693Z  INFO 5444 --- [jangnamcirizen] [restartedMain] w.s.c.ServletWebServerApplicationContext : Root WebApplicationContext: initialization completed in 1419 ms
2025-08-25T02:24:42.086Z  INFO 5444 --- [jangnamcirizen] [restartedMain] com.zaxxer.hikari.HikariDataSource       : HikariPool-1 - Starting...
2025-08-25T02:24:43.838Z  INFO 5444 --- [jangnamcirizen] [restartedMain] com.zaxxer.hikari.pool.HikariPool        : HikariPool-1 - Added connection org.postgresql.jdbc.PgConnection@5645e454
2025-08-25T02:24:43.840Z  INFO 5444 --- [jangnamcirizen] [restartedMain] com.zaxxer.hikari.HikariDataSource       : HikariPool-1 - Start completed.
2025-08-25T02:24:44.029Z  INFO 5444 --- [jangnamcirizen] [restartedMain] org.flywaydb.core.FlywayExecutor         : Database: jdbc:postgresql://ep-long-rain-a1o2befc-pooler.ap-southeast-1.aws.neon.tech:5432/neondb?sslmode=require&channel_binding=require (PostgreSQL 17.5)
2025-08-25T02:24:46.314Z  INFO 5444 --- [jangnamcirizen] [restartedMain] o.f.core.internal.command.DbValidate     : Successfully validated 1 migration (execution time 00:00.665s)
2025-08-25T02:24:48.415Z  INFO 5444 --- [jangnamcirizen] [restartedMain] o.f.core.internal.command.DbMigrate      : Current version of schema "public": 1
2025-08-25T02:24:48.579Z  INFO 5444 --- [jangnamcirizen] [restartedMain] o.f.core.internal.command.DbMigrate      : Schema "public" is up to date. No migration necessary.
2025-08-25T02:24:49.605Z  INFO 5444 --- [jangnamcirizen] [restartedMain] o.hibernate.jpa.internal.util.LogHelper  : HHH000204: Processing PersistenceUnitInfo [name: default]
2025-08-25T02:24:49.645Z  INFO 5444 --- [jangnamcirizen] [restartedMain] org.hibernate.Version                    : HHH000412: Hibernate ORM core version 6.6.22.Final
2025-08-25T02:24:49.672Z  INFO 5444 --- [jangnamcirizen] [restartedMain] o.h.c.internal.RegionFactoryInitiator    : HHH000026: Second-level cache disabled
2025-08-25T02:24:49.862Z  INFO 5444 --- [jangnamcirizen] [restartedMain] o.s.o.j.p.SpringPersistenceUnitInfo      : No LoadTimeWeaver setup: ignoring JPA class transformer
2025-08-25T02:24:50.571Z  INFO 5444 --- [jangnamcirizen] [restartedMain] org.hibernate.orm.connections.pooling    : HHH10001005: Database info:
	Database JDBC URL [Connecting through datasource 'HikariDataSource (HikariPool-1)']
	Database driver: undefined/unknown
	Database version: 17.5
	Autocommit mode: undefined/unknown
	Isolation level: undefined/unknown
	Minimum pool size: undefined/unknown
	Maximum pool size: undefined/unknown
2025-08-25T02:24:50.797Z  INFO 5444 --- [jangnamcirizen] [restartedMain] o.h.e.t.j.p.i.JtaPlatformInitiator       : HHH000489: No JTA platform available (set 'hibernate.transaction.jta.platform' to enable JTA platform integration)
2025-08-25T02:24:50.801Z  INFO 5444 --- [jangnamcirizen] [restartedMain] j.LocalContainerEntityManagerFactoryBean : Initialized JPA EntityManagerFactory for persistence unit 'default'
2025-08-25T02:24:50.863Z  WARN 5444 --- [jangnamcirizen] [restartedMain] JpaBaseConfiguration$JpaWebConfiguration : spring.jpa.open-in-view is enabled by default. Therefore, database queries may be performed during view rendering. Explicitly configure spring.jpa.open-in-view to disable this warning
2025-08-25T02:24:50.884Z  INFO 5444 --- [jangnamcirizen] [restartedMain] o.s.b.a.w.s.WelcomePageHandlerMapping    : Adding welcome page: class path resource [static/index.html]
2025-08-25T02:24:51.004Z  WARN 5444 --- [jangnamcirizen] [restartedMain] ion$DefaultTemplateResolverConfiguration : Cannot find template location: classpath:/templates/ (please add some templates, check your Thymeleaf configuration, or set spring.thymeleaf.check-template-location=false)
2025-08-25T02:24:51.194Z  WARN 5444 --- [jangnamcirizen] [restartedMain] .s.s.UserDetailsServiceAutoConfiguration : 

Using generated security password: cbb14ad7-1c72-4e36-b431-1eb710363355

This generated password is for development use only. Your security configuration must be updated before running your application in production.

2025-08-25T02:24:51.199Z  INFO 5444 --- [jangnamcirizen] [restartedMain] r$InitializeUserDetailsManagerConfigurer : Global AuthenticationManager configured with UserDetailsService bean with name inMemoryUserDetailsManager
2025-08-25T02:24:51.357Z  INFO 5444 --- [jangnamcirizen] [restartedMain] o.s.b.a.e.web.EndpointLinksResolver      : Exposing 1 endpoint beneath base path '/actuator'
2025-08-25T02:24:51.369Z DEBUG 5444 --- [jangnamcirizen] [restartedMain] o.s.s.web.DefaultSecurityFilterChain     : Will secure any request with filters: DisableEncodeUrlFilter, WebAsyncManagerIntegrationFilter, SecurityContextHolderFilter, HeaderWriterFilter, CorsFilter, CsrfFilter, LogoutFilter, UsernamePasswordAuthenticationFilter, DefaultResourcesFilter, DefaultLoginPageGeneratingFilter, DefaultLogoutPageGeneratingFilter, BasicAuthenticationFilter, RequestCacheAwareFilter, SecurityContextHolderAwareRequestFilter, AnonymousAuthenticationFilter, ExceptionTranslationFilter, AuthorizationFilter
2025-08-25T02:24:51.429Z  INFO 5444 --- [jangnamcirizen] [restartedMain] o.s.b.d.a.OptionalLiveReloadServer       : LiveReload server is running on port 35729
2025-08-25T02:24:51.508Z  INFO 5444 --- [jangnamcirizen] [restartedMain] o.s.b.w.embedded.tomcat.TomcatWebServer  : Tomcat started on port 8080 (http) with context path '/'
2025-08-25T02:24:51.525Z  INFO 5444 --- [jangnamcirizen] [restartedMain] c.d.j.JangnamcirizenApplication          : Started JangnamcirizenApplication in 11.748 seconds (process running for 12.067)
2025-08-25T02:25:20.820Z  INFO 5444 --- [jangnamcirizen] [http-nio-8080-exec-1] o.a.c.c.C.[Tomcat].[localhost].[/]       : Initializing Spring DispatcherServlet 'dispatcherServlet'
2025-08-25T02:25:20.820Z  INFO 5444 --- [jangnamcirizen] [http-nio-8080-exec-1] o.s.web.servlet.DispatcherServlet        : Initializing Servlet 'dispatcherServlet'
2025-08-25T02:25:20.822Z  INFO 5444 --- [jangnamcirizen] [http-nio-8080-exec-1] o.s.web.servlet.DispatcherServlet        : Completed initialization in 2 ms
2025-08-25T02:25:20.844Z DEBUG 5444 --- [jangnamcirizen] [http-nio-8080-exec-1] o.s.security.web.FilterChainProxy        : Securing GET /login?error
2025-08-25T02:25:21.018Z DEBUG 5444 --- [jangnamcirizen] [http-nio-8080-exec-2] o.s.security.web.FilterChainProxy        : Securing GET /default-ui.css
2025-08-25T02:25:22.514Z DEBUG 5444 --- [jangnamcirizen] [http-nio-8080-exec-3] o.s.security.web.FilterChainProxy        : Securing GET /favicon.ico
2025-08-25T02:25:22.524Z DEBUG 5444 --- [jangnamcirizen] [http-nio-8080-exec-3] o.s.s.w.a.AnonymousAuthenticationFilter  : Set SecurityContextHolder to anonymous SecurityContext
2025-08-25T02:25:22.529Z DEBUG 5444 --- [jangnamcirizen] [http-nio-8080-exec-3] s.w.a.DelegatingAuthenticationEntryPoint : Trying to match using And [Not [RequestHeaderRequestMatcher [expectedHeaderName=X-Requested-With, expectedHeaderValue=XMLHttpRequest]], MediaTypeRequestMatcher [contentNegotiationStrategy=org.springframework.web.accept.ContentNegotiationManager@450ae87, matchingMediaTypes=[application/xhtml+xml, image/*, text/html, text/plain], useEquals=false, ignoredMediaTypes=[*/*]]]
2025-08-25T02:25:22.530Z DEBUG 5444 --- [jangnamcirizen] [http-nio-8080-exec-3] s.w.a.DelegatingAuthenticationEntryPoint : Match found! Executing org.springframework.security.web.authentication.LoginUrlAuthenticationEntryPoint@29ceeba3
2025-08-25T02:25:22.531Z DEBUG 5444 --- [jangnamcirizen] [http-nio-8080-exec-3] o.s.s.web.DefaultRedirectStrategy        : Redirecting to http://8080-seigetank-jangnamcirize-pv9dju68wnu.ws-us121.gitpod.io/login
2025-08-25T02:25:25.199Z DEBUG 5444 --- [jangnamcirizen] [http-nio-8080-exec-4] o.s.security.web.FilterChainProxy        : Securing POST /login
2025-08-25T02:25:25.394Z DEBUG 5444 --- [jangnamcirizen] [http-nio-8080-exec-4] o.s.s.a.dao.DaoAuthenticationProvider    : Failed to find user 'admin'
2025-08-25T02:25:25.395Z DEBUG 5444 --- [jangnamcirizen] [http-nio-8080-exec-4] o.s.s.authentication.ProviderManager     : Authentication failed with provider DaoAuthenticationProvider since 자격 증명에 실패하였습니다.
2025-08-25T02:25:25.396Z DEBUG 5444 --- [jangnamcirizen] [http-nio-8080-exec-4] o.s.s.authentication.ProviderManager     : Denying authentication since all attempted providers failed
2025-08-25T02:25:25.396Z DEBUG 5444 --- [jangnamcirizen] [http-nio-8080-exec-4] o.s.s.web.DefaultRedirectStrategy        : Redirecting to /login?error
2025-08-25T02:25:25.525Z DEBUG 5444 --- [jangnamcirizen] [http-nio-8080-exec-5] o.s.security.web.FilterChainProxy        : Securing GET /login?error
2025-08-25T02:25:25.679Z DEBUG 5444 --- [jangnamcirizen] [http-nio-8080-exec-6] o.s.security.web.FilterChainProxy        : Securing GET /default-ui.css
2025-08-25T02:25:26.070Z DEBUG 5444 --- [jangnamcirizen] [http-nio-8080-exec-7] o.s.security.web.FilterChainProxy        : Securing GET /favicon.ico
2025-08-25T02:25:26.071Z DEBUG 5444 --- [jangnamcirizen] [http-nio-8080-exec-7] o.s.s.w.a.AnonymousAuthenticationFilter  : Set SecurityContextHolder to anonymous SecurityContext
2025-08-25T02:25:26.072Z DEBUG 5444 --- [jangnamcirizen] [http-nio-8080-exec-7] s.w.a.DelegatingAuthenticationEntryPoint : Trying to match using And [Not [RequestHeaderRequestMatcher [expectedHeaderName=X-Requested-With, expectedHeaderValue=XMLHttpRequest]], MediaTypeRequestMatcher [contentNegotiationStrategy=org.springframework.web.accept.ContentNegotiationManager@450ae87, matchingMediaTypes=[application/xhtml+xml, image/*, text/html, text/plain], useEquals=false, ignoredMediaTypes=[*/*]]]
2025-08-25T02:25:26.072Z DEBUG 5444 --- [jangnamcirizen] [http-nio-8080-exec-7] s.w.a.DelegatingAuthenticationEntryPoint : Match found! Executing org.springframework.security.web.authentication.LoginUrlAuthenticationEntryPoint@29ceeba3
2025-08-25T02:25:26.072Z DEBUG 5444 --- [jangnamcirizen] [http-nio-8080-exec-7] o.s.s.web.DefaultRedirectStrategy        : Redirecting to http://8080-seigetank-jangnamcirize-pv9dju68wnu.ws-us121.gitpod.io/login
2025-08-25T02:25:28.698Z DEBUG 5444 --- [jangnamcirizen] [http-nio-8080-exec-8] o.s.security.web.FilterChainProxy        : Securing POST /login
2025-08-25T02:25:28.700Z DEBUG 5444 --- [jangnamcirizen] [http-nio-8080-exec-8] o.s.s.a.dao.DaoAuthenticationProvider    : Failed to authenticate since password does not match stored value
2025-08-25T02:25:28.700Z DEBUG 5444 --- [jangnamcirizen] [http-nio-8080-exec-8] o.s.s.authentication.ProviderManager     : Authentication failed with provider DaoAuthenticationProvider since 자격 증명에 실패하였습니다.
2025-08-25T02:25:28.701Z DEBUG 5444 --- [jangnamcirizen] [http-nio-8080-exec-8] o.s.s.authentication.ProviderManager     : Denying authentication since all attempted providers failed
2025-08-25T02:25:28.701Z DEBUG 5444 --- [jangnamcirizen] [http-nio-8080-exec-8] o.s.s.web.DefaultRedirectStrategy        : Redirecting to /login?error
2025-08-25T02:25:28.828Z DEBUG 5444 --- [jangnamcirizen] [http-nio-8080-exec-9] o.s.security.web.FilterChainProxy        : Securing GET /login?error
2025-08-25T02:25:28.980Z DEBUG 5444 --- [jangnamcirizen] [http-nio-8080-exec-10] o.s.security.web.FilterChainProxy        : Securing GET /default-ui.css
2025-08-25T02:25:29.379Z DEBUG 5444 --- [jangnamcirizen] [http-nio-8080-exec-1] o.s.security.web.FilterChainProxy        : Securing GET /favicon.ico
2025-08-25T02:25:29.380Z DEBUG 5444 --- [jangnamcirizen] [http-nio-8080-exec-1] o.s.s.w.a.AnonymousAuthenticationFilter  : Set SecurityContextHolder to anonymous SecurityContext
2025-08-25T02:25:29.381Z DEBUG 5444 --- [jangnamcirizen] [http-nio-8080-exec-1] s.w.a.DelegatingAuthenticationEntryPoint : Trying to match using And [Not [RequestHeaderRequestMatcher [expectedHeaderName=X-Requested-With, expectedHeaderValue=XMLHttpRequest]], MediaTypeRequestMatcher [contentNegotiationStrategy=org.springframework.web.accept.ContentNegotiationManager@450ae87, matchingMediaTypes=[application/xhtml+xml, image/*, text/html, text/plain], useEquals=false, ignoredMediaTypes=[*/*]]]
2025-08-25T02:25:29.381Z DEBUG 5444 --- [jangnamcirizen] [http-nio-8080-exec-1] s.w.a.DelegatingAuthenticationEntryPoint : Match found! Executing org.springframework.security.web.authentication.LoginUrlAuthenticationEntryPoint@29ceeba3
2025-08-25T02:25:29.381Z DEBUG 5444 --- [jangnamcirizen] [http-nio-8080-exec-1] o.s.s.web.DefaultRedirectStrategy        : Redirecting to http://8080-seigetank-jangnamcirize-pv9dju68wnu.ws-us121.gitpod.io/login
2025-08-25T02:25:43.017Z DEBUG 5444 --- [jangnamcirizen] [http-nio-8080-exec-2] o.s.security.web.FilterChainProxy        : Securing POST /login
2025-08-25T02:25:43.018Z DEBUG 5444 --- [jangnamcirizen] [http-nio-8080-exec-2] o.s.s.a.dao.DaoAuthenticationProvider    : Failed to authenticate since password does not match stored value
2025-08-25T02:25:43.019Z DEBUG 5444 --- [jangnamcirizen] [http-nio-8080-exec-2] o.s.s.authentication.ProviderManager     : Authentication failed with provider DaoAuthenticationProvider since 자격 증명에 실패하였습니다.
2025-08-25T02:25:43.019Z DEBUG 5444 --- [jangnamcirizen] [http-nio-8080-exec-2] o.s.s.authentication.ProviderManager     : Denying authentication since all attempted providers failed
2025-08-25T02:25:43.019Z DEBUG 5444 --- [jangnamcirizen] [http-nio-8080-exec-2] o.s.s.web.DefaultRedirectStrategy        : Redirecting to /login?error
2025-08-25T02:25:43.145Z DEBUG 5444 --- [jangnamcirizen] [http-nio-8080-exec-3] o.s.security.web.FilterChainProxy        : Securing GET /login?error
2025-08-25T02:25:43.292Z DEBUG 5444 --- [jangnamcirizen] [http-nio-8080-exec-4] o.s.security.web.FilterChainProxy        : Securing GET /default-ui.css
2025-08-25T02:25:43.676Z DEBUG 5444 --- [jangnamcirizen] [http-nio-8080-exec-5] o.s.security.web.FilterChainProxy        : Securing GET /favicon.ico
2025-08-25T02:25:43.677Z DEBUG 5444 --- [jangnamcirizen] [http-nio-8080-exec-5] o.s.s.w.a.AnonymousAuthenticationFilter  : Set SecurityContextHolder to anonymous SecurityContext
2025-08-25T02:25:43.677Z DEBUG 5444 --- [jangnamcirizen] [http-nio-8080-exec-5] s.w.a.DelegatingAuthenticationEntryPoint : Trying to match using And [Not [RequestHeaderRequestMatcher [expectedHeaderName=X-Requested-With, expectedHeaderValue=XMLHttpRequest]], MediaTypeRequestMatcher [contentNegotiationStrategy=org.springframework.web.accept.ContentNegotiationManager@450ae87, matchingMediaTypes=[application/xhtml+xml, image/*, text/html, text/plain], useEquals=false, ignoredMediaTypes=[*/*]]]
2025-08-25T02:25:43.678Z DEBUG 5444 --- [jangnamcirizen] [http-nio-8080-exec-5] s.w.a.DelegatingAuthenticationEntryPoint : Match found! Executing org.springframework.security.web.authentication.LoginUrlAuthenticationEntryPoint@29ceeba3
2025-08-25T02:25:43.678Z DEBUG 5444 --- [jangnamcirizen] [http-nio-8080-exec-5] o.s.s.web.DefaultRedirectStrategy        : Redirecting to http://8080-seigetank-jangnamcirize-pv9dju68wnu.ws-us121.gitpod.io/login
2025-08-25T02:26:51.031Z DEBUG 5444 --- [jangnamcirizen] [http-nio-8080-exec-9] o.s.security.web.FilterChainProxy        : Securing POST /login
2025-08-25T02:26:51.117Z DEBUG 5444 --- [jangnamcirizen] [http-nio-8080-exec-9] o.s.s.a.dao.DaoAuthenticationProvider    : Failed to find user 'admin'
2025-08-25T02:26:51.117Z DEBUG 5444 --- [jangnamcirizen] [http-nio-8080-exec-9] o.s.s.authentication.ProviderManager     : Authentication failed with provider DaoAuthenticationProvider since 자격 증명에 실패하였습니다.
2025-08-25T02:26:51.117Z DEBUG 5444 --- [jangnamcirizen] [http-nio-8080-exec-9] o.s.s.authentication.ProviderManager     : Denying authentication since all attempted providers failed
2025-08-25T02:26:51.118Z DEBUG 5444 --- [jangnamcirizen] [http-nio-8080-exec-9] o.s.s.web.DefaultRedirectStrategy        : Redirecting to /login?error
2025-08-25T02:26:51.245Z DEBUG 5444 --- [jangnamcirizen] [http-nio-8080-exec-2] o.s.security.web.FilterChainProxy        : Securing GET /login?error
2025-08-25T02:26:51.392Z DEBUG 5444 --- [jangnamcirizen] [http-nio-8080-exec-3] o.s.security.web.FilterChainProxy        : Securing GET /default-ui.css
2025-08-25T02:26:51.700Z DEBUG 5444 --- [jangnamcirizen] [http-nio-8080-exec-5] o.s.security.web.FilterChainProxy        : Securing GET /favicon.ico
2025-08-25T02:26:51.701Z DEBUG 5444 --- [jangnamcirizen] [http-nio-8080-exec-5] o.s.s.w.a.AnonymousAuthenticationFilter  : Set SecurityContextHolder to anonymous SecurityContext
2025-08-25T02:26:51.702Z DEBUG 5444 --- [jangnamcirizen] [http-nio-8080-exec-5] s.w.a.DelegatingAuthenticationEntryPoint : Trying to match using And [Not [RequestHeaderRequestMatcher [expectedHeaderName=X-Requested-With, expectedHeaderValue=XMLHttpRequest]], MediaTypeRequestMatcher [contentNegotiationStrategy=org.springframework.web.accept.ContentNegotiationManager@450ae87, matchingMediaTypes=[application/xhtml+xml, image/*, text/html, text/plain], useEquals=false, ignoredMediaTypes=[*/*]]]
2025-08-25T02:26:51.702Z DEBUG 5444 --- [jangnamcirizen] [http-nio-8080-exec-5] s.w.a.DelegatingAuthenticationEntryPoint : Match found! Executing org.springframework.security.web.authentication.LoginUrlAuthenticationEntryPoint@29ceeba3
2025-08-25T02:26:51.702Z DEBUG 5444 --- [jangnamcirizen] [http-nio-8080-exec-5] o.s.s.web.DefaultRedirectStrategy        : Redirecting to http://8080-seigetank-jangnamcirize-pv9dju68wnu.ws-us121.gitpod.io/login
2025-08-25T02:26:54.418Z DEBUG 5444 --- [jangnamcirizen] [http-nio-8080-exec-6] o.s.security.web.FilterChainProxy        : Securing POST /login
2025-08-25T02:26:54.504Z DEBUG 5444 --- [jangnamcirizen] [http-nio-8080-exec-6] o.s.s.a.dao.DaoAuthenticationProvider    : Authenticated user
2025-08-25T02:26:54.506Z DEBUG 5444 --- [jangnamcirizen] [http-nio-8080-exec-6] .s.ChangeSessionIdAuthenticationStrategy : Changed session id from EC5F8F208CDBD528782572E67DE1AB17
2025-08-25T02:26:54.506Z DEBUG 5444 --- [jangnamcirizen] [http-nio-8080-exec-6] o.s.s.w.csrf.CsrfAuthenticationStrategy  : Replaced CSRF Token
2025-08-25T02:26:54.507Z DEBUG 5444 --- [jangnamcirizen] [http-nio-8080-exec-6] w.c.HttpSessionSecurityContextRepository : Stored SecurityContextImpl [Authentication=UsernamePasswordAuthenticationToken [Principal=org.springframework.security.core.userdetails.User [Username=user, Password=[PROTECTED], Enabled=true, AccountNonExpired=true, CredentialsNonExpired=true, AccountNonLocked=true, Granted Authorities=[]], Credentials=[PROTECTED], Authenticated=true, Details=WebAuthenticationDetails [RemoteIpAddress=192.168.102.201, SessionId=EC5F8F208CDBD528782572E67DE1AB17], Granted Authorities=[]]] to HttpSession [org.apache.catalina.session.StandardSessionFacade@53d550d1]
2025-08-25T02:26:54.507Z DEBUG 5444 --- [jangnamcirizen] [http-nio-8080-exec-6] w.a.UsernamePasswordAuthenticationFilter : Set SecurityContextHolder to UsernamePasswordAuthenticationToken [Principal=org.springframework.security.core.userdetails.User [Username=user, Password=[PROTECTED], Enabled=true, AccountNonExpired=true, CredentialsNonExpired=true, AccountNonLocked=true, Granted Authorities=[]], Credentials=[PROTECTED], Authenticated=true, Details=WebAuthenticationDetails [RemoteIpAddress=192.168.102.201, SessionId=EC5F8F208CDBD528782572E67DE1AB17], Granted Authorities=[]]
2025-08-25T02:26:54.508Z DEBUG 5444 --- [jangnamcirizen] [http-nio-8080-exec-6] o.s.s.web.DefaultRedirectStrategy        : Redirecting to /
2025-08-25T02:26:54.634Z DEBUG 5444 --- [jangnamcirizen] [http-nio-8080-exec-4] o.s.security.web.FilterChainProxy        : Securing GET /
2025-08-25T02:26:54.635Z DEBUG 5444 --- [jangnamcirizen] [http-nio-8080-exec-4] w.c.HttpSessionSecurityContextRepository : Retrieved SecurityContextImpl [Authentication=UsernamePasswordAuthenticationToken [Principal=org.springframework.security.core.userdetails.User [Username=user, Password=[PROTECTED], Enabled=true, AccountNonExpired=true, CredentialsNonExpired=true, AccountNonLocked=true, Granted Authorities=[]], Credentials=[PROTECTED], Authenticated=true, Details=WebAuthenticationDetails [RemoteIpAddress=192.168.102.201, SessionId=EC5F8F208CDBD528782572E67DE1AB17], Granted Authorities=[]]]
2025-08-25T02:26:54.637Z DEBUG 5444 --- [jangnamcirizen] [http-nio-8080-exec-4] o.s.security.web.FilterChainProxy        : Secured GET /
2025-08-25T02:26:54.676Z DEBUG 5444 --- [jangnamcirizen] [http-nio-8080-exec-4] o.s.security.web.FilterChainProxy        : Securing GET /index.html
2025-08-25T02:26:54.677Z DEBUG 5444 --- [jangnamcirizen] [http-nio-8080-exec-4] o.s.security.web.FilterChainProxy        : Secured GET /index.html
2025-08-25T02:26:54.822Z DEBUG 5444 --- [jangnamcirizen] [http-nio-8080-exec-8] o.s.security.web.FilterChainProxy        : Securing GET /css/styles.css
2025-08-25T02:26:54.823Z DEBUG 5444 --- [jangnamcirizen] [http-nio-8080-exec-1] o.s.security.web.FilterChainProxy        : Securing GET /js/main.js
2025-08-25T02:26:54.823Z DEBUG 5444 --- [jangnamcirizen] [http-nio-8080-exec-8] w.c.HttpSessionSecurityContextRepository : Retrieved SecurityContextImpl [Authentication=UsernamePasswordAuthenticationToken [Principal=org.springframework.security.core.userdetails.User [Username=user, Password=[PROTECTED], Enabled=true, AccountNonExpired=true, CredentialsNonExpired=true, AccountNonLocked=true, Granted Authorities=[]], Credentials=[PROTECTED], Authenticated=true, Details=WebAuthenticationDetails [RemoteIpAddress=192.168.102.201, SessionId=EC5F8F208CDBD528782572E67DE1AB17], Granted Authorities=[]]]
2025-08-25T02:26:54.823Z DEBUG 5444 --- [jangnamcirizen] [http-nio-8080-exec-8] o.s.security.web.FilterChainProxy        : Secured GET /css/styles.css
2025-08-25T02:26:54.824Z DEBUG 5444 --- [jangnamcirizen] [http-nio-8080-exec-1] w.c.HttpSessionSecurityContextRepository : Retrieved SecurityContextImpl [Authentication=UsernamePasswordAuthenticationToken [Principal=org.springframework.security.core.userdetails.User [Username=user, Password=[PROTECTED], Enabled=true, AccountNonExpired=true, CredentialsNonExpired=true, AccountNonLocked=true, Granted Authorities=[]], Credentials=[PROTECTED], Authenticated=true, Details=WebAuthenticationDetails [RemoteIpAddress=192.168.102.201, SessionId=EC5F8F208CDBD528782572E67DE1AB17], Granted Authorities=[]]]
2025-08-25T02:26:54.824Z DEBUG 5444 --- [jangnamcirizen] [http-nio-8080-exec-1] o.s.security.web.FilterChainProxy        : Secured GET /js/main.js
2025-08-25T02:33:32.683Z  INFO 5444 --- [jangnamcirizen] [SpringApplicationShutdownHook] o.s.b.w.e.tomcat.GracefulShutdown        : Commencing graceful shutdown. Waiting for active requests to complete
2025-08-25T02:33:32.688Z  INFO 5444 --- [jangnamcirizen] [tomcat-shutdown] o.s.b.w.e.tomcat.GracefulShutdown        : Graceful shutdown complete
2025-08-25T02:33:32.784Z  INFO 5444 --- [jangnamcirizen] [SpringApplicationShutdownHook] j.LocalContainerEntityManagerFactoryBean : Closing JPA EntityManagerFactory for persistence unit 'default'
2025-08-25T02:33:32.808Z  INFO 5444 --- [jangnamcirizen] [SpringApplicationShutdownHook] com.zaxxer.hikari.HikariDataSource       : HikariPool-1 - Shutdown initiated...
2025-08-25T02:33:34.429Z  INFO 5444 --- [jangnamcirizen] [SpringApplicationShutdownHook] com.zaxxer.hikari.HikariDataSource       : HikariPool-1 - Shutdown completed.
